# JRE version: OpenJDK Runtime Environment (11.0.10) (build 11.0.10+0-b96-7249189)
# Java VM: OpenJDK 64-Bit Server VM (11.0.10+0-b96-7249189, mixed mode, tiered, compressed oops, g1 gc, windows-amd64)
Heap:
 garbage-first heap   total 311296K, used 189966K [0x0000000080000000, 0x0000000100000000)
  region size 1024K, 24 young (24576K), 7 survivors (7168K)
 Metaspace       used 161599K, capacity 166650K, committed 166912K, reserved 1193984K
  class space    used 19964K, capacity 21789K, committed 21836K, reserved 1048576K
GC Heap History (20 events):
Event: 8393.611 GC heap before
{Heap before GC invocations=156 (full 0):
 garbage-first heap   total 311296K, used 227517K [0x0000000080000000, 0x0000000100000000)
  region size 1024K, 75 young (76800K), 2 survivors (2048K)
 Metaspace       used 158250K, capacity 162605K, committed 162944K, reserved 1191936K
  class space    used 19461K, capacity 21075K, committed 21196K, reserved 1048576K
}
Event: 8393.618 GC heap after
{Heap after GC invocations=157 (full 0):
 garbage-first heap   total 311296K, used 157159K [0x0000000080000000, 0x0000000100000000)
  region size 1024K, 6 young (6144K), 6 survivors (6144K)
 Metaspace       used 158250K, capacity 162605K, committed 162944K, reserved 1191936K
  class space    used 19461K, capacity 21075K, committed 21196K, reserved 1048576K
}
Event: 8473.559 GC heap before
{Heap before GC invocations=158 (full 0):
 garbage-first heap   total 311296K, used 257511K [0x0000000080000000, 0x0000000100000000)
  region size 1024K, 82 young (83968K), 6 survivors (6144K)
 Metaspace       used 158382K, capacity 162713K, committed 162944K, reserved 1191936K
  class space    used 19478K, capacity 21105K, committed 21196K, reserved 1048576K
}
Event: 8473.569 GC heap after
{Heap after GC invocations=159 (full 0):
 garbage-first heap   total 311296K, used 160048K [0x0000000080000000, 0x0000000100000000)
  region size 1024K, 8 young (8192K), 8 survivors (8192K)
 Metaspace       used 158382K, capacity 162713K, committed 162944K, reserved 1191936K
  class space    used 19478K, capacity 21105K, committed 21196K, reserved 1048576K
}
Event: 8473.596 GC heap before
{Heap before GC invocations=159 (full 0):
 garbage-first heap   total 311296K, used 166192K [0x0000000080000000, 0x0000000100000000)
  region size 1024K, 15 young (15360K), 8 survivors (8192K)
 Metaspace       used 158386K, capacity 162713K, committed 162944K, reserved 1191936K
  class space    used 19478K, capacity 21105K, committed 21196K, reserved 1048576K
}
Event: 8473.605 GC heap after
{Heap after GC invocations=160 (full 0):
 garbage-first heap   total 311296K, used 160098K [0x0000000080000000, 0x0000000100000000)
  region size 1024K, 2 young (2048K), 2 survivors (2048K)
 Metaspace       used 158386K, capacity 162713K, committed 162944K, reserved 1191936K
  class space    used 19478K, capacity 21105K, committed 21196K, reserved 1048576K
}
Event: 8473.653 GC heap before
{Heap before GC invocations=160 (full 0):
 garbage-first heap   total 311296K, used 171362K [0x0000000080000000, 0x0000000100000000)
  region size 1024K, 14 young (14336K), 2 survivors (2048K)
 Metaspace       used 158436K, capacity 162791K, committed 162944K, reserved 1191936K
  class space    used 19492K, capacity 21131K, committed 21196K, reserved 1048576K
}
Event: 8473.658 GC heap after
{Heap after GC invocations=161 (full 0):
 garbage-first heap   total 311296K, used 159887K [0x0000000080000000, 0x0000000100000000)
  region size 1024K, 2 young (2048K), 2 survivors (2048K)
 Metaspace       used 158436K, capacity 162791K, committed 162944K, reserved 1191936K
  class space    used 19492K, capacity 21131K, committed 21196K, reserved 1048576K
}
Event: 8475.172 GC heap before
{Heap before GC invocations=162 (full 0):
 garbage-first heap   total 311296K, used 258191K [0x0000000080000000, 0x0000000100000000)
  region size 1024K, 80 young (81920K), 2 survivors (2048K)
 Metaspace       used 158697K, capacity 163249K, committed 163328K, reserved 1191936K
  class space    used 19561K, capacity 21259K, committed 21324K, reserved 1048576K
}
Event: 8475.179 GC heap after
{Heap after GC invocations=163 (full 0):
 garbage-first heap   total 311296K, used 164799K [0x0000000080000000, 0x0000000100000000)
  region size 1024K, 7 young (7168K), 7 survivors (7168K)
 Metaspace       used 158697K, capacity 163249K, committed 163328K, reserved 1191936K
  class space    used 19561K, capacity 21259K, committed 21324K, reserved 1048576K
}
Event: 8475.189 GC heap before
{Heap before GC invocations=163 (full 0):
 garbage-first heap   total 311296K, used 172991K [0x0000000080000000, 0x0000000100000000)
  region size 1024K, 15 young (15360K), 7 survivors (7168K)
 Metaspace       used 158697K, capacity 163249K, committed 163328K, reserved 1191936K
  class space    used 19561K, capacity 21259K, committed 21324K, reserved 1048576K
}
Event: 8475.199 GC heap after
{Heap after GC invocations=164 (full 0):
 garbage-first heap   total 311296K, used 156847K [0x0000000080000000, 0x0000000100000000)
  region size 1024K, 2 young (2048K), 2 survivors (2048K)
 Metaspace       used 158697K, capacity 163249K, committed 163328K, reserved 1191936K
  class space    used 19561K, capacity 21259K, committed 21324K, reserved 1048576K
}
Event: 8475.658 GC heap before
{Heap before GC invocations=164 (full 0):
 garbage-first heap   total 311296K, used 234671K [0x0000000080000000, 0x0000000100000000)
  region size 1024K, 80 young (81920K), 2 survivors (2048K)
 Metaspace       used 158893K, capacity 163590K, committed 163712K, reserved 1191936K
  class space    used 19610K, capacity 21350K, committed 21452K, reserved 1048576K
}
Event: 8475.664 GC heap after
{Heap after GC invocations=165 (full 0):
 garbage-first heap   total 311296K, used 158957K [0x0000000080000000, 0x0000000100000000)
  region size 1024K, 5 young (5120K), 5 survivors (5120K)
 Metaspace       used 158893K, capacity 163590K, committed 163712K, reserved 1191936K
  class space    used 19610K, capacity 21350K, committed 21452K, reserved 1048576K
}
Event: 9131.008 GC heap before
{Heap before GC invocations=166 (full 0):
 garbage-first heap   total 311296K, used 270573K [0x0000000080000000, 0x0000000100000000)
  region size 1024K, 87 young (89088K), 5 survivors (5120K)
 Metaspace       used 161233K, capacity 166254K, committed 166400K, reserved 1193984K
  class space    used 19920K, capacity 21724K, committed 21836K, reserved 1048576K
}
Event: 9131.020 GC heap after
{Heap after GC invocations=167 (full 0):
 garbage-first heap   total 311296K, used 168809K [0x0000000080000000, 0x0000000100000000)
  region size 1024K, 9 young (9216K), 9 survivors (9216K)
 Metaspace       used 161233K, capacity 166254K, committed 166400K, reserved 1193984K
  class space    used 19920K, capacity 21724K, committed 21836K, reserved 1048576K
}
Event: 9131.201 GC heap before
{Heap before GC invocations=167 (full 0):
 garbage-first heap   total 311296K, used 174953K [0x0000000080000000, 0x0000000100000000)
  region size 1024K, 15 young (15360K), 9 survivors (9216K)
 Metaspace       used 161318K, capacity 166318K, committed 166656K, reserved 1193984K
  class space    used 19929K, capacity 21724K, committed 21836K, reserved 1048576K
}
Event: 9131.214 GC heap after
{Heap after GC invocations=168 (full 0):
 garbage-first heap   total 311296K, used 168929K [0x0000000080000000, 0x0000000100000000)
  region size 1024K, 2 young (2048K), 2 survivors (2048K)
 Metaspace       used 161318K, capacity 166318K, committed 166656K, reserved 1193984K
  class space    used 19929K, capacity 21724K, committed 21836K, reserved 1048576K
}
Event: 9131.717 GC heap before
{Heap before GC invocations=168 (full 0):
 garbage-first heap   total 311296K, used 248801K [0x0000000080000000, 0x0000000100000000)
  region size 1024K, 81 young (82944K), 2 survivors (2048K)
 Metaspace       used 161583K, capacity 166647K, committed 166912K, reserved 1193984K
  class space    used 19964K, capacity 21788K, committed 21836K, reserved 1048576K
}
Event: 9131.727 GC heap after
{Heap after GC invocations=169 (full 0):
 garbage-first heap   total 311296K, used 173582K [0x0000000080000000, 0x0000000100000000)
  region size 1024K, 7 young (7168K), 7 survivors (7168K)
 Metaspace       used 161583K, capacity 166647K, committed 166912K, reserved 1193984K
  class space    used 19964K, capacity 21788K, committed 21836K, reserved 1048576K
}

